<?xml version="1.0" encoding="UTF-8"?>
<coverage generated="1742908479220" clover="3.2.0">
  <project timestamp="1742908479221" name="All files">
    <metrics statements="14" coveredstatements="14" conditionals="1" coveredconditionals="1" methods="1" coveredmethods="1" elements="16" coveredelements="16" complexity="0" loc="14" ncloc="14" packages="1" files="1" classes="1"/>
    <file name="funko.ts" path="/home/usuario/prct08-filesystem-funko-app-JoseAngelGlz/src/ejercicio-funkos/funko.ts">
      <metrics statements="14" coveredstatements="14" conditionals="1" coveredconditionals="1" methods="1" coveredmethods="1"/>
      <line num="19" count="1" type="stmt"/>
      <line num="33" count="1" type="cond" truecount="1" falsecount="0"/>
      <line num="34" count="1" type="stmt"/>
      <line num="35" count="1" type="stmt"/>
      <line num="36" count="1" type="stmt"/>
      <line num="37" count="1" type="stmt"/>
      <line num="38" count="1" type="stmt"/>
      <line num="39" count="1" type="stmt"/>
      <line num="40" count="1" type="stmt"/>
      <line num="41" count="1" type="stmt"/>
      <line num="42" count="1" type="stmt"/>
      <line num="43" count="1" type="stmt"/>
      <line num="44" count="1" type="stmt"/>
      <line num="45" count="1" type="stmt"/>
    </file>
  </project>
</coverage>
