{"/home/usuario/prct08-filesystem-funko-app-JoseAngelGlz/src/ejercicio-funkos/funko.ts": {"path":"/home/usuario/prct08-filesystem-funko-app-JoseAngelGlz/src/ejercicio-funkos/funko.ts","all":false,"statementMap":{"18":{"start":{"line":19,"column":0},"end":{"line":19,"column":20}},"32":{"start":{"line":33,"column":0},"end":{"line":33,"column":14}},"33":{"start":{"line":34,"column":0},"end":{"line":34,"column":22}},"34":{"start":{"line":35,"column":0},"end":{"line":35,"column":24}},"35":{"start":{"line":36,"column":0},"end":{"line":36,"column":31}},"36":{"start":{"line":37,"column":0},"end":{"line":37,"column":27}},"37":{"start":{"line":38,"column":0},"end":{"line":38,"column":26}},"38":{"start":{"line":39,"column":0},"end":{"line":39,"column":32}},"39":{"start":{"line":40,"column":0},"end":{"line":40,"column":31}},"40":{"start":{"line":41,"column":0},"end":{"line":41,"column":30}},"41":{"start":{"line":42,"column":0},"end":{"line":42,"column":35}},"42":{"start":{"line":43,"column":0},"end":{"line":43,"column":27}},"43":{"start":{"line":44,"column":0},"end":{"line":44,"column":6}},"44":{"start":{"line":45,"column":0},"end":{"line":45,"column":1}}},"s":{"18":1,"32":1,"33":1,"34":1,"35":1,"36":1,"37":1,"38":1,"39":1,"40":1,"41":1,"42":1,"43":1,"44":1},"branchMap":{"0":{"type":"branch","line":33,"loc":{"start":{"line":33,"column":2},"end":{"line":44,"column":6}},"locations":[{"start":{"line":33,"column":2},"end":{"line":44,"column":6}}]}},"b":{"0":[1]},"fnMap":{"0":{"name":"Funko","decl":{"start":{"line":33,"column":2},"end":{"line":44,"column":6}},"loc":{"start":{"line":33,"column":2},"end":{"line":44,"column":6}},"line":33}},"f":{"0":1}}
}
